<?xml version="1.0" encoding="UTF-8"?>
<!-- Generated by org.testng.reporters.JUnitReportReporter -->
<testsuite skipped="0" hostname="DESKTOP-U4CKM24" name="TestNG.InvokeTest" tests="3" failures="0" timestamp="18 Nov 2021 15:27:47 GMT" time="35.369" errors="0">
  <testcase name="Thiruvalluvar" time="9.633" classname="TestNG.InvokeTest"/>
  <testcase name="Thiruvalluvar" time="16.070" classname="TestNG.InvokeTest"/>
  <testcase name="cricket" time="9.666" classname="TestNG.InvokeTest"/>
</testsuite> <!-- TestNG.InvokeTest -->
