<?xml version="1.0" encoding="UTF-8"?>
<!-- Generated by org.testng.reporters.JUnitReportReporter -->
<testsuite skipped="0" hostname="DESKTOP-U4CKM24" name="testNG.FirstTestNGPrior" tests="4" failures="0" timestamp="04 Dec 2021 15:37:12 GMT" time="0.079" errors="0">
  <testcase name="printFirst" time="0.061" classname="testNG.FirstTestNGPrior"/>
  <testcase name="printSecond" time="0.006" classname="testNG.FirstTestNGPrior"/>
  <testcase name="printThird" time="0.007" classname="testNG.FirstTestNGPrior"/>
  <testcase name="printFourth" time="0.005" classname="testNG.FirstTestNGPrior"/>
</testsuite> <!-- testNG.FirstTestNGPrior -->
