<?xml version="1.0" encoding="UTF-8"?>
<!-- Generated by org.testng.reporters.JUnitReportReporter -->
<testsuite skipped="0" hostname="DESKTOP-U4CKM24" name="testNG.GroupTest" tests="2" failures="0" timestamp="18 Nov 2021 16:20:33 GMT" time="0.020" errors="0">
  <testcase name="firstApple" time="0.016" classname="testNG.GroupTest"/>
  <testcase name="firstSamsung" time="0.004" classname="testNG.GroupTest"/>
</testsuite> <!-- testNG.GroupTest -->
