<?xml version="1.0" encoding="UTF-8"?>
<!-- Generated by org.testng.reporters.JUnitReportReporter -->
<testsuite skipped="0" hostname="DESKTOP-U4CKM24" name="TestNG.FirstTestNG" tests="1" failures="0" timestamp="18 Nov 2021 14:35:28 GMT" time="0.015" errors="0">
  <testcase name="printTest" time="0.015" classname="TestNG.FirstTestNG"/>
</testsuite> <!-- TestNG.FirstTestNG -->
