<?xml version="1.0" encoding="UTF-8"?>
<!-- Generated by org.testng.reporters.JUnitReportReporter -->
<testsuite skipped="1" hostname="DESKTOP-U4CKM24" name="TestNG.DependTestNG" tests="3" failures="0" timestamp="18 Nov 2021 15:43:00 GMT" time="0.015" errors="0">
  <testcase name="college" time="0.000" classname="TestNG.DependTestNG"/>
  <testcase name="higher" time="0.015" classname="TestNG.DependTestNG"/>
  <testcase name="primarySchool" classname="TestNG.DependTestNG">
    <skipped/>
  </testcase> <!-- primarySchool -->
</testsuite> <!-- TestNG.DependTestNG -->
