<?xml version="1.0" encoding="UTF-8"?>
<!-- Generated by org.testng.reporters.JUnitReportReporter -->
<testsuite skipped="0" hostname="DESKTOP-U4CKM24" name="testNG.ExtentReport" tests="3" failures="0" timestamp="06 Dec 2021 16:30:26 GMT" time="108.231" errors="0">
  <testcase name="openBIng" time="36.076" classname="testNG.ExtentReport"/>
  <testcase name="openYahoo" time="36.076" classname="testNG.ExtentReport"/>
  <testcase name="openGoogle" time="36.079" classname="testNG.ExtentReport"/>
</testsuite> <!-- testNG.ExtentReport -->
