<?xml version="1.0" encoding="UTF-8"?>
<!-- Generated by org.testng.reporters.JUnitReportReporter -->
<testsuite skipped="0" hostname="DESKTOP-U4CKM24" name="testNG.ParallelTest" tests="3" failures="0" timestamp="06 Dec 2021 16:12:43 GMT" time="185.249" errors="0">
  <testcase name="openYahoo" time="62.152" classname="testNG.ParallelTest"/>
  <testcase name="openGoogle" time="62.886" classname="testNG.ParallelTest"/>
  <testcase name="openBIng" time="60.211" classname="testNG.ParallelTest"/>
</testsuite> <!-- testNG.ParallelTest -->
