<?xml version="1.0" encoding="UTF-8"?>
<!-- Generated by org.testng.reporters.JUnitReportReporter -->
<testsuite skipped="0" hostname="DESKTOP-U4CKM24" name="testNG.paraTest" tests="1" failures="0" timestamp="06 Dec 2021 15:06:04 GMT" time="14.010" errors="0">
  <testcase name="schoolName" time="14.010" classname="testNG.paraTest"/>
</testsuite> <!-- testNG.paraTest -->
