<?xml version="1.0" encoding="UTF-8"?>
<!-- Generated by org.testng.reporters.JUnitReportReporter -->
<testsuite skipped="0" hostname="DESKTOP-U4CKM24" name="testNG.SuiteTest" tests="3" failures="0" timestamp="19 Nov 2021 02:21:18 GMT" time="4.298" errors="0">
  <testcase name="openYahoo" time="1.228" classname="testNG.SuiteTest"/>
  <testcase name="openBIng" time="1.246" classname="testNG.SuiteTest"/>
  <testcase name="openGoogle" time="1.824" classname="testNG.SuiteTest"/>
</testsuite> <!-- testNG.SuiteTest -->
