<?xml version="1.0" encoding="UTF-8"?>
<!-- Generated by org.testng.reporters.JUnitReportReporter -->
<testsuite skipped="0" hostname="DESKTOP-U4CKM24" name="dataDriven.DataDrivenTestNG" tests="2" failures="0" timestamp="02 Dec 2021 04:39:37 GMT" time="24.470" errors="0">
  <testcase name="openBrowser" time="15.945" classname="dataDriven.DataDrivenTestNG"/>
  <testcase name="openBrowser" time="8.525" classname="dataDriven.DataDrivenTestNG"/>
</testsuite> <!-- dataDriven.DataDrivenTestNG -->
