<?xml version="1.0" encoding="UTF-8"?>
<!-- Generated by org.testng.reporters.JUnitReportReporter -->
<testsuite skipped="0" hostname="DESKTOP-U4CKM24" name="dataDriven.DataDrivenOutsideClass" tests="2" failures="0" timestamp="02 Dec 2021 04:24:25 GMT" time="66.677" errors="0">
  <testcase name="openBrowser" time="33.300" classname="dataDriven.DataDrivenOutsideClass"/>
  <testcase name="openBrowser" time="33.377" classname="dataDriven.DataDrivenOutsideClass"/>
</testsuite> <!-- dataDriven.DataDrivenOutsideClass -->
