<?xml version="1.0" encoding="UTF-8"?>
<!-- Generated by org.testng.reporters.JUnitReportReporter -->
<testsuite skipped="1" hostname="DESKTOP-U4CKM24" name="testNG.EnableTest" tests="4" failures="0" timestamp="18 Nov 2021 16:06:28 GMT" time="0.008" errors="0">
  <testcase name="startCar" time="0.005" classname="testNG.EnableTest"/>
  <testcase name="putGear" time="0.001" classname="testNG.EnableTest"/>
  <testcase name="accelerate" time="0.002" classname="testNG.EnableTest"/>
  <testcase name="turnMusicOn" classname="testNG.EnableTest">
    <skipped/>
  </testcase> <!-- turnMusicOn -->
</testsuite> <!-- testNG.EnableTest -->
